<?xml version="1.0" encoding="UTF-8"?>
<testsuite xmlns:xsi="http://www.w3.org/2001/XMLSchema-instance" xsi:noNamespaceSchemaLocation="https://maven.apache.org/surefire/maven-surefire-plugin/xsd/surefire-test-report-3.0.xsd" version="3.0" name="com.kartikeye.RestDemo.RestDemoApplicationTests" time="3.916" tests="1" errors="0" skipped="0" failures="0">
  <properties>
[...]
</properties>
  <testcase name="contextLoads" classname="com.kartikeye.RestDemo.RestDemoApplicationTests" time="1.219">
    <system-out><![CDATA[13:17:39.388 [main] INFO org.springframework.test.context.support.AnnotationConfigContextLoaderUtils -- Could not detect default configuration classes for test class [com.kartikeye.RestDemo.RestDemoApplicationTests]: RestDemoApplicationTests does not declare any static, non-private, non-final, nested classes annotated with @Configuration.
13:17:39.539 [main] INFO org.springframework.boot.test.context.SpringBootTestContextBootstrapper -- Found @SpringBootConfiguration com.kartikeye.RestDemo.RestDemoApplication for test class com.kartikeye.RestDemo.RestDemoApplicationTests

  .   ____          _            __ _ _
 /\\ / ___'_ __ _ _(_)_ __  __ _ \ \ \ \
( ( )\___ | '_ | '_| | '_ \/ _` | \ \ \ \
 \\/  ___)| |_)| | | | | || (_| |  ) ) ) )
  '  |____| .__|_| |_|_| |_\__, | / / / /
 =========|_|==============|___/=/_/_/_/

 :: Spring Boot ::                (v3.3.3)

2024-08-24T13:17:40.178+05:30  INFO 15016 --- [RestDemo] [           main] c.k.RestDemo.RestDemoApplicationTests    : Starting RestDemoApplicationTests using Java 17.0.7 with PID 15016 (started by Kartikeye.Pandey in C:\Users\Kartikeye.Pandey\OneDrive - Acidaes Solutions Pvt Ltd\Desktop\Spring Boot Projects\RestDemo\RestDemo)
2024-08-24T13:17:40.180+05:30  INFO 15016 --- [RestDemo] [           main] c.k.RestDemo.RestDemoApplicationTests    : No active profile set, falling back to 1 default profile: "default"
2024-08-24T13:17:41.861+05:30  INFO 15016 --- [RestDemo] [           main] c.k.RestDemo.RestDemoApplicationTests    : Started RestDemoApplicationTests in 2.096 seconds (process running for 3.346)
]]></system-out>
  </testcase>
</testsuite>